<?xml version="1.0" encoding="UTF-8"?>
<!-- Generated by org.testng.reporters.JUnitReportReporter -->
<testsuite skipped="3" hostname="DESKTOP-IC54V12" name="MultipleScenario.SortingTest" tests="4" failures="0" timestamp="29 Aug 2019 05:35:30 GMT" time="54.750" errors="0">
  <testcase name="sortTableDescending" time="54.750" classname="MultipleScenario.SortingTest"/>
  <testcase name="sortTableIntegersAscending" classname="MultipleScenario.SortingTest">
    <skipped/>
  </testcase> <!-- sortTableIntegersAscending -->
  <testcase name="SortingTestAmazon" classname="MultipleScenario.SortingTest">
    <skipped/>
  </testcase> <!-- SortingTestAmazon -->
  <testcase name="sortTableAscending" classname="MultipleScenario.SortingTest">
    <skipped/>
  </testcase> <!-- sortTableAscending -->
</testsuite> <!-- MultipleScenario.SortingTest -->
