<?xml version="1.0" encoding="UTF-8"?>
<!-- Generated by org.testng.reporters.JUnitReportReporter -->
<testsuite skipped="8" hostname="DESKTOP-IC54V12" name="MultipleScenario.Options_DesiredCapabilities_Profiles_Proxy_Cookies" tests="9" failures="0" timestamp="21 Feb 2020 04:19:28 GMT" time="11.531" errors="0">
  <testcase name="deleteCookieNamedExample" time="11.531" classname="MultipleScenario.Options_DesiredCapabilities_Profiles_Proxy_Cookies"/>
  <testcase name="SSLHandling_Chrome" classname="MultipleScenario.Options_DesiredCapabilities_Profiles_Proxy_Cookies">
    <skipped/>
  </testcase> <!-- SSLHandling_Chrome -->
  <testcase name="ChromeOptions_Usage" classname="MultipleScenario.Options_DesiredCapabilities_Profiles_Proxy_Cookies">
    <skipped/>
  </testcase> <!-- ChromeOptions_Usage -->
  <testcase name="DisableChromeNotification" classname="MultipleScenario.Options_DesiredCapabilities_Profiles_Proxy_Cookies">
    <skipped/>
  </testcase> <!-- DisableChromeNotification -->
  <testcase name="SSLHandling_IE" classname="MultipleScenario.Options_DesiredCapabilities_Profiles_Proxy_Cookies">
    <skipped/>
  </testcase> <!-- SSLHandling_IE -->
  <testcase name="DisabledExtensionsAndPopups" classname="MultipleScenario.Options_DesiredCapabilities_Profiles_Proxy_Cookies">
    <skipped/>
  </testcase> <!-- DisabledExtensionsAndPopups -->
  <testcase name="SSLHandling_FF" classname="MultipleScenario.Options_DesiredCapabilities_Profiles_Proxy_Cookies">
    <skipped/>
  </testcase> <!-- SSLHandling_FF -->
  <testcase name="Cookies_Example" classname="MultipleScenario.Options_DesiredCapabilities_Profiles_Proxy_Cookies">
    <skipped/>
  </testcase> <!-- Cookies_Example -->
  <testcase name="ProxyHandle_FF" classname="MultipleScenario.Options_DesiredCapabilities_Profiles_Proxy_Cookies">
    <skipped/>
  </testcase> <!-- ProxyHandle_FF -->
</testsuite> <!-- MultipleScenario.Options_DesiredCapabilities_Profiles_Proxy_Cookies -->
