<?xml version="1.0" encoding="UTF-8"?>
<!-- Generated by org.testng.reporters.JUnitReportReporter -->
<testsuite skipped="0" hostname="DESKTOP-IC54V12" name="MultipleScenario.FrameClass" tests="1" failures="0" timestamp="20 Mar 2020 04:12:09 GMT" time="31.497" errors="0">
  <testcase name="FrameTest" time="31.497" classname="MultipleScenario.FrameClass"/>
</testsuite> <!-- MultipleScenario.FrameClass -->
