<?xml version="1.0" encoding="UTF-8"?>
<!-- Generated by org.testng.reporters.JUnitReportReporter -->
<testsuite skipped="2" hostname="DESKTOP-IC54V12" name="MultipleScenario.DownloadFiles" tests="3" failures="0" timestamp="01 Mar 2020 06:36:36 GMT" time="17.629" errors="0">
  <testcase name="DownloadTXTPdf_Firefox" time="17.629" classname="MultipleScenario.DownloadFiles"/>
  <testcase name="DownloadTXTPDF_DesiredLocation" classname="MultipleScenario.DownloadFiles">
    <skipped/>
  </testcase> <!-- DownloadTXTPDF_DesiredLocation -->
  <testcase name="DownloadTXTPdf_DefaultLocation" classname="MultipleScenario.DownloadFiles">
    <skipped/>
  </testcase> <!-- DownloadTXTPdf_DefaultLocation -->
</testsuite> <!-- MultipleScenario.DownloadFiles -->
