<?xml version="1.0" encoding="UTF-8"?>
<!-- Generated by org.testng.reporters.JUnitReportReporter -->
<testsuite skipped="1" hostname="DESKTOP-IC54V12" name="MultipleScenario.WorkingWithCSV" tests="2" failures="0" timestamp="27 Apr 2020 02:16:25 GMT" time="0.786" errors="0">
  <testcase name="CreateCSVFromExcel" time="0.786" classname="MultipleScenario.WorkingWithCSV"/>
  <testcase name="ReadCSV" classname="MultipleScenario.WorkingWithCSV">
    <skipped/>
  </testcase> <!-- ReadCSV -->
</testsuite> <!-- MultipleScenario.WorkingWithCSV -->
