<?xml version="1.0" encoding="UTF-8"?>
<!-- Generated by org.testng.reporters.JUnitReportReporter -->
<testsuite skipped="1" hostname="DESKTOP-IC54V12" name="MultipleScenario.PasswordEncodedAndDecoded" tests="2" failures="0" timestamp="29 Aug 2019 02:18:34 GMT" time="27.216" errors="0">
  <testcase name="SeleniumTestUsingDecodedPassword" time="27.216" classname="MultipleScenario.PasswordEncodedAndDecoded"/>
  <testcase name="PaswordEncodedDecodedTest" classname="MultipleScenario.PasswordEncodedAndDecoded">
    <skipped/>
  </testcase> <!-- PaswordEncodedDecodedTest -->
</testsuite> <!-- MultipleScenario.PasswordEncodedAndDecoded -->
