<?xml version="1.0" encoding="UTF-8"?>
<!-- Generated by org.testng.reporters.JUnitReportReporter -->
<testsuite skipped="9" hostname="DESKTOP-IC54V12" name="MultipleScenario.DatabaseOperations" tests="10" failures="0" timestamp="18 Apr 2020 21:44:00 GMT" time="1.541" errors="0">
  <testcase name="compareDbtoExcelApproach2_Dynamic_WithOutput1" time="1.541" classname="MultipleScenario.DatabaseOperations"/>
  <testcase name="compareDbtoExcelApproach2" classname="MultipleScenario.DatabaseOperations">
    <skipped/>
  </testcase> <!-- compareDbtoExcelApproach2 -->
  <testcase name="exportFromDBAnyTable" classname="MultipleScenario.DatabaseOperations">
    <skipped/>
  </testcase> <!-- exportFromDBAnyTable -->
  <testcase name="compareDbtoExcelApproach2_Dynamic_WithOutput1_UseHashMapToReadXLData" classname="MultipleScenario.DatabaseOperations">
    <skipped/>
  </testcase> <!-- compareDbtoExcelApproach2_Dynamic_WithOutput1_UseHashMapToReadXLData -->
  <testcase name="compareDbtoExcelApproach2_Dynamic_Columns" classname="MultipleScenario.DatabaseOperations">
    <skipped/>
  </testcase> <!-- compareDbtoExcelApproach2_Dynamic_Columns -->
  <testcase name="exportFromDBAndcompareDbwithExcel_Approach1" classname="MultipleScenario.DatabaseOperations">
    <skipped/>
  </testcase> <!-- exportFromDBAndcompareDbwithExcel_Approach1 -->
  <testcase name="readDataFromDatabaseAndExport" classname="MultipleScenario.DatabaseOperations">
    <skipped/>
  </testcase> <!-- readDataFromDatabaseAndExport -->
  <testcase name="compareDbtoExcelApproach2_Dynamic_sql" classname="MultipleScenario.DatabaseOperations">
    <skipped/>
  </testcase> <!-- compareDbtoExcelApproach2_Dynamic_sql -->
  <testcase name="compareDbtoExcelApproach2_Dynamic_WithOutput2" classname="MultipleScenario.DatabaseOperations">
    <skipped/>
  </testcase> <!-- compareDbtoExcelApproach2_Dynamic_WithOutput2 -->
  <testcase name="readDataFromDatabase" classname="MultipleScenario.DatabaseOperations">
    <skipped/>
  </testcase> <!-- readDataFromDatabase -->
</testsuite> <!-- MultipleScenario.DatabaseOperations -->
