<?xml version="1.0" encoding="UTF-8"?>
<!-- Generated by org.testng.reporters.JUnitReportReporter -->
<testsuite skipped="7" hostname="DESKTOP-IC54V12" name="MultipleScenario.ChromeOptions_DesiredCapabilities" tests="8" failures="0" timestamp="20 Feb 2020 08:22:28 GMT" time="17.212" errors="0">
  <testcase name="Cookies_Example" time="17.212" classname="MultipleScenario.ChromeOptions_DesiredCapabilities"/>
  <testcase name="ProxyHandle_FF" classname="MultipleScenario.ChromeOptions_DesiredCapabilities">
    <skipped/>
  </testcase> <!-- ProxyHandle_FF -->
  <testcase name="SSLHandling_Chrome" classname="MultipleScenario.ChromeOptions_DesiredCapabilities">
    <skipped/>
  </testcase> <!-- SSLHandling_Chrome -->
  <testcase name="DisabledExtensionsAndPopups" classname="MultipleScenario.ChromeOptions_DesiredCapabilities">
    <skipped/>
  </testcase> <!-- DisabledExtensionsAndPopups -->
  <testcase name="ChromeOptions_Usage" classname="MultipleScenario.ChromeOptions_DesiredCapabilities">
    <skipped/>
  </testcase> <!-- ChromeOptions_Usage -->
  <testcase name="DisableChromeNotification" classname="MultipleScenario.ChromeOptions_DesiredCapabilities">
    <skipped/>
  </testcase> <!-- DisableChromeNotification -->
  <testcase name="SSLHandling_IE" classname="MultipleScenario.ChromeOptions_DesiredCapabilities">
    <skipped/>
  </testcase> <!-- SSLHandling_IE -->
  <testcase name="SSLHandling_FF" classname="MultipleScenario.ChromeOptions_DesiredCapabilities">
    <skipped/>
  </testcase> <!-- SSLHandling_FF -->
</testsuite> <!-- MultipleScenario.ChromeOptions_DesiredCapabilities -->
