<?xml version="1.0" encoding="UTF-8"?>
<!-- Generated by org.testng.reporters.JUnitReportReporter -->
<testsuite skipped="0" hostname="DESKTOP-IC54V12" name="MultipleScenario.KillingProcesses" tests="1" failures="0" timestamp="21 Feb 2020 04:53:12 GMT" time="16.259" errors="0">
  <testcase name="GoogleSearchElements" time="16.259" classname="MultipleScenario.KillingProcesses"/>
</testsuite> <!-- MultipleScenario.KillingProcesses -->
