<?xml version="1.0" encoding="UTF-8"?>
<!-- Generated by org.testng.reporters.JUnitReportReporter -->
<testsuite skipped="3" hostname="DESKTOP-IC54V12" name="MultipleScenario.Log4j2Example" tests="4" failures="0" timestamp="19 Mar 2020 19:31:31 GMT" time="0.498" errors="0">
  <testcase name="Logging4jTest" time="0.498" classname="MultipleScenario.Log4j2Example"/>
  <testcase name="PaginationTestWalmart2" classname="MultipleScenario.Log4j2Example">
    <skipped/>
  </testcase> <!-- PaginationTestWalmart2 -->
  <testcase name="PaginationTestWalmart" classname="MultipleScenario.Log4j2Example">
    <skipped/>
  </testcase> <!-- PaginationTestWalmart -->
  <testcase name="GoogleSearchElements" classname="MultipleScenario.Log4j2Example">
    <skipped/>
  </testcase> <!-- GoogleSearchElements -->
</testsuite> <!-- MultipleScenario.Log4j2Example -->
