<?xml version="1.0" encoding="UTF-8"?>
<!-- Generated by org.testng.reporters.JUnitReportReporter -->
<testsuite skipped="4" hostname="DESKTOP-IC54V12" name="MultipleScenario.ExcelTest" tests="5" failures="0" timestamp="25 Apr 2020 04:27:24 GMT" time="435.082" errors="1">
  <testcase name="ExcelUtilitiesTest_ReadLargeExcel" time="435.082" classname="MultipleScenario.ExcelTest">
    <error type="java.lang.OutOfMemoryError" message="Java heap space">
      <![CDATA[java.lang.OutOfMemoryError: Java heap space
at org.apache.xmlbeans.impl.store.Cur.createElementXobj(Cur.java:260)
at org.apache.xmlbeans.impl.store.Cur$CurLoadContext.startElement(Cur.java:2997)
at org.apache.xmlbeans.impl.store.Locale.loadNode(Locale.java:1420)
at org.apache.xmlbeans.impl.store.Locale.loadNodeChildren(Locale.java:1403)
at org.apache.xmlbeans.impl.store.Locale.loadNode(Locale.java:1445)
at org.apache.xmlbeans.impl.store.Locale.loadNodeChildren(Locale.java:1403)
at org.apache.xmlbeans.impl.store.Locale.loadNode(Locale.java:1445)
at org.apache.xmlbeans.impl.store.Locale.loadNodeChildren(Locale.java:1403)
at org.apache.xmlbeans.impl.store.Locale.loadNode(Locale.java:1445)
at org.apache.xmlbeans.impl.store.Locale.loadNodeChildren(Locale.java:1403)
at org.apache.xmlbeans.impl.store.Locale.loadNode(Locale.java:1445)
at org.apache.xmlbeans.impl.store.Locale.parseToXmlObject(Locale.java:1385)
at org.apache.xmlbeans.impl.store.Locale.parseToXmlObject(Locale.java:1370)
at org.apache.xmlbeans.impl.schema.SchemaTypeLoaderBase.parse(SchemaTypeLoaderBase.java:370)
at org.apache.poi.POIXMLTypeLoader.parse(POIXMLTypeLoader.java:164)
at org.openxmlformats.schemas.spreadsheetml.x2006.main.WorksheetDocument$Factory.parse(Unknown Source)
at org.apache.poi.xssf.usermodel.XSSFSheet.read(XSSFSheet.java:226)
at org.apache.poi.xssf.usermodel.XSSFSheet.onDocumentRead(XSSFSheet.java:218)
at org.apache.poi.xssf.usermodel.XSSFWorkbook.parseSheet(XSSFWorkbook.java:443)
at org.apache.poi.xssf.usermodel.XSSFWorkbook.onDocumentRead(XSSFWorkbook.java:408)
at org.apache.poi.POIXMLDocument.load(POIXMLDocument.java:169)
at org.apache.poi.xssf.usermodel.XSSFWorkbook.<init>(XSSFWorkbook.java:300)
at helper.ExcelUtilities.readXL(ExcelUtilities.java:52)
at MultipleScenario.ExcelTest.ExcelUtilitiesTest_ReadLargeExcel(ExcelTest.java:26)
at sun.reflect.NativeMethodAccessorImpl.invoke0(Native Method)
at sun.reflect.NativeMethodAccessorImpl.invoke(Unknown Source)
at sun.reflect.DelegatingMethodAccessorImpl.invoke(Unknown Source)
at java.lang.reflect.Method.invoke(Unknown Source)
at org.testng.internal.MethodInvocationHelper.invokeMethod(MethodInvocationHelper.java:124)
at org.testng.internal.Invoker.invokeMethod(Invoker.java:580)
at org.testng.internal.Invoker.invokeTestMethod(Invoker.java:716)
at org.testng.internal.Invoker.invokeTestMethods(Invoker.java:988)
]]>
    </error>
  </testcase> <!-- ExcelUtilitiesTest_ReadLargeExcel -->
  <testcase name="ExcelReadFromSingleRow" classname="MultipleScenario.ExcelTest">
    <skipped/>
  </testcase> <!-- ExcelReadFromSingleRow -->
  <testcase name="ExcelUtilitiesTest" classname="MultipleScenario.ExcelTest">
    <skipped/>
  </testcase> <!-- ExcelUtilitiesTest -->
  <testcase name="ExcelReadAllRecordsAndWrite" classname="MultipleScenario.ExcelTest">
    <skipped/>
  </testcase> <!-- ExcelReadAllRecordsAndWrite -->
  <testcase name="ExcelUtilitiesTest_HashTable" classname="MultipleScenario.ExcelTest">
    <skipped/>
  </testcase> <!-- ExcelUtilitiesTest_HashTable -->
</testsuite> <!-- MultipleScenario.ExcelTest -->
