<?xml version="1.0" encoding="UTF-8"?>
<!-- Generated by org.testng.reporters.JUnitReportReporter -->
<testsuite skipped="0" hostname="DESKTOP-IC54V12" name="MultipleScenario.ExtentReportClass2" tests="2" failures="0" timestamp="20 Mar 2020 04:12:09 GMT" time="28.301" errors="0">
  <testcase name="GoogleTitleTest2" time="14.037" classname="MultipleScenario.ExtentReportClass2"/>
  <testcase name="GoogleCurrentUrlTest2" time="14.264" classname="MultipleScenario.ExtentReportClass2"/>
</testsuite> <!-- MultipleScenario.ExtentReportClass2 -->
