<?xml version="1.0" encoding="UTF-8"?>
<!-- Generated by org.testng.reporters.JUnitReportReporter -->
<testsuite skipped="3" hostname="DESKTOP-IC54V12" name="MultipleScenario.Tooltip_Capture" tests="4" failures="0" timestamp="23 Feb 2020 19:28:16 GMT" time="16.277" errors="0">
  <testcase name="Tooltip_JqueryPlugin_guru" time="16.277" classname="MultipleScenario.Tooltip_Capture"/>
  <testcase name="Tooltip_usingTitleAttribute" classname="MultipleScenario.Tooltip_Capture">
    <skipped/>
  </testcase> <!-- Tooltip_usingTitleAttribute -->
  <testcase name="Tooltip_usingTitleAttribute_guru" classname="MultipleScenario.Tooltip_Capture">
    <skipped/>
  </testcase> <!-- Tooltip_usingTitleAttribute_guru -->
  <testcase name="Tooltip_usingMosueHover" classname="MultipleScenario.Tooltip_Capture">
    <skipped/>
  </testcase> <!-- Tooltip_usingMosueHover -->
</testsuite> <!-- MultipleScenario.Tooltip_Capture -->
