<?xml version="1.0" encoding="UTF-8"?>
<!-- Generated by org.testng.reporters.JUnitReportReporter -->
<testsuite skipped="2" hostname="DESKTOP-IC54V12" name="MultipleScenario.Pagination" tests="3" failures="0" timestamp="25 Aug 2019 06:17:42 GMT" time="63.777" errors="0">
  <testcase name="PaginationTestAmazon" time="63.777" classname="MultipleScenario.Pagination"/>
  <testcase name="PaginationTestWalmart" classname="MultipleScenario.Pagination">
    <skipped/>
  </testcase> <!-- PaginationTestWalmart -->
  <testcase name="PaginationTestWalmart2" classname="MultipleScenario.Pagination">
    <skipped/>
  </testcase> <!-- PaginationTestWalmart2 -->
</testsuite> <!-- MultipleScenario.Pagination -->
