<?xml version="1.0" encoding="UTF-8"?>
<!-- Generated by org.testng.reporters.JUnitReportReporter -->
<testsuite skipped="0" hostname="DESKTOP-IC54V12" name="MultipleScenario.ChromeOptionsExamples" tests="1" failures="0" timestamp="18 Feb 2020 17:20:09 GMT" time="22.047" errors="0">
  <testcase name="GoogleSearchElements" time="22.047" classname="MultipleScenario.ChromeOptionsExamples"/>
</testsuite> <!-- MultipleScenario.ChromeOptionsExamples -->
