<?xml version="1.0" encoding="UTF-8"?>
<!-- Generated by org.testng.reporters.JUnitReportReporter -->
<testsuite skipped="2" hostname="DESKTOP-IC54V12" name="MultipleScenario.PDFValidation" tests="3" failures="0" timestamp="29 Aug 2022 21:33:59 GMT" time="5.346" errors="0">
  <testcase name="PdfValidation1" time="5.346" classname="MultipleScenario.PDFValidation"/>
  <testcase name="PdfValidation_axmag_UserGuides_FromLocal" classname="MultipleScenario.PDFValidation">
    <skipped/>
  </testcase> <!-- PdfValidation_axmag_UserGuides_FromLocal -->
  <testcase name="PdfValidation_axmag_UserGuides" classname="MultipleScenario.PDFValidation">
    <skipped/>
  </testcase> <!-- PdfValidation_axmag_UserGuides -->
</testsuite> <!-- MultipleScenario.PDFValidation -->
