<?xml version="1.0" encoding="UTF-8"?>
<!-- Generated by org.testng.reporters.JUnitReportReporter -->
<testsuite skipped="1" hostname="DESKTOP-IC54V12" name="testcases.RediffTest" tests="2" failures="0" timestamp="15 May 2019 00:25:01 GMT" time="10.780" errors="0">
  <testcase name="rediffTestCase1" time="10.780" classname="testcases.RediffTest"/>
  <testcase name="rediffTestCase2" classname="testcases.RediffTest">
    <skipped/>
  </testcase> <!-- rediffTestCase2 -->
</testsuite> <!-- testcases.RediffTest -->
